0 info it worked if it ends with ok
1 verbose cli [ '/usr/local/bin/node',
1 verbose cli   '/usr/local/bin/npm',
1 verbose cli   'install',
1 verbose cli   '-g',
1 verbose cli   'nvm' ]
2 info using npm@2.14.12
3 info using node@v4.3.1
4 verbose install initial load of /usr/local/lib/package.json
5 verbose readDependencies loading dependencies from /usr/local/lib/package.json
6 silly cache add args [ 'nvm', null ]
7 verbose cache add spec nvm
8 silly cache add parsed spec Result {
8 silly cache add   raw: 'nvm',
8 silly cache add   scope: null,
8 silly cache add   name: 'nvm',
8 silly cache add   rawSpec: '',
8 silly cache add   spec: 'latest',
8 silly cache add   type: 'tag' }
9 silly addNamed nvm@latest
10 verbose addNamed "latest" is being treated as a dist-tag for nvm
11 info addNameTag [ 'nvm', 'latest' ]
12 silly mapToRegistry name nvm
13 silly mapToRegistry using default registry
14 silly mapToRegistry registry https://registry.npmjs.org/
15 silly mapToRegistry uri https://registry.npmjs.org/nvm
16 verbose addNameTag registry:https://registry.npmjs.org/nvm not in flight; fetching
17 verbose request uri https://registry.npmjs.org/nvm
18 verbose request no auth needed
19 info attempt registry request try #1 at 6:43:19 PM
20 verbose request id 54ebc67b41fd530e
21 http request GET https://registry.npmjs.org/nvm
22 http 200 https://registry.npmjs.org/nvm
23 verbose headers { server: 'CouchDB/1.5.0 (Erlang OTP/R16B03)',
23 verbose headers   etag: '"ALGIVTJI091I8S8VOFCMCFM5C"',
23 verbose headers   'content-type': 'application/json',
23 verbose headers   'cache-control': 'max-age=300',
23 verbose headers   'content-length': '4766',
23 verbose headers   'accept-ranges': 'bytes',
23 verbose headers   date: 'Wed, 27 Apr 2016 23:43:13 GMT',
23 verbose headers   via: '1.1 varnish',
23 verbose headers   age: '0',
23 verbose headers   connection: 'keep-alive',
23 verbose headers   'x-served-by': 'cache-ord1726-ORD',
23 verbose headers   'x-cache': 'MISS',
23 verbose headers   'x-cache-hits': '0',
23 verbose headers   'x-timer': 'S1461800592.867824,VS0,VE133',
23 verbose headers   vary: 'Accept-Encoding' }
24 silly get cb [ 200,
24 silly get   { server: 'CouchDB/1.5.0 (Erlang OTP/R16B03)',
24 silly get     etag: '"ALGIVTJI091I8S8VOFCMCFM5C"',
24 silly get     'content-type': 'application/json',
24 silly get     'cache-control': 'max-age=300',
24 silly get     'content-length': '4766',
24 silly get     'accept-ranges': 'bytes',
24 silly get     date: 'Wed, 27 Apr 2016 23:43:13 GMT',
24 silly get     via: '1.1 varnish',
24 silly get     age: '0',
24 silly get     connection: 'keep-alive',
24 silly get     'x-served-by': 'cache-ord1726-ORD',
24 silly get     'x-cache': 'MISS',
24 silly get     'x-cache-hits': '0',
24 silly get     'x-timer': 'S1461800592.867824,VS0,VE133',
24 silly get     vary: 'Accept-Encoding' } ]
25 verbose get saving nvm to /Users/yew0491/.npm/registry.npmjs.org/nvm/.cache.json
26 silly addNameTag next cb for nvm with tag latest
27 silly addNamed nvm@0.0.3
28 verbose addNamed "0.0.3" is a plain semver version for nvm
29 warn deprecated nvm@0.0.3: This is NOT the correct nvm. Visit http://nvm.sh and use the curl command to install it.
30 silly mapToRegistry name nvm
31 silly mapToRegistry using default registry
32 silly mapToRegistry registry https://registry.npmjs.org/
33 silly mapToRegistry uri https://registry.npmjs.org/nvm
34 verbose addRemoteTarball https://registry.npmjs.org/nvm/-/nvm-0.0.3.tgz not in flight; adding
35 verbose addRemoteTarball [ 'https://registry.npmjs.org/nvm/-/nvm-0.0.3.tgz',
35 verbose addRemoteTarball   '1f39d2dfd16bf661534a3f7145134f4bbbef6da4' ]
36 info retry fetch attempt 1 at 6:43:20 PM
37 info attempt registry request try #1 at 6:43:20 PM
38 http fetch GET https://registry.npmjs.org/nvm/-/nvm-0.0.3.tgz
39 http fetch 200 https://registry.npmjs.org/nvm/-/nvm-0.0.3.tgz
40 silly fetchAndShaCheck shasum 1f39d2dfd16bf661534a3f7145134f4bbbef6da4
41 verbose addTmpTarball /var/folders/gq/qf2v_6zd2tn02056mg6gpb_xyyxrbd/T/npm-29669-c035d7bc/registry.npmjs.org/nvm/-/nvm-0.0.3.tgz not in flight; adding
42 verbose addTmpTarball already have metadata; skipping unpack for nvm@0.0.3
43 silly cache afterAdd nvm@0.0.3
44 verbose afterAdd /Users/yew0491/.npm/nvm/0.0.3/package/package.json not in flight; writing
45 verbose afterAdd /Users/yew0491/.npm/nvm/0.0.3/package/package.json written
46 silly install resolved [ { name: 'nvm',
46 silly install resolved     version: '0.0.3',
46 silly install resolved     description: 'Install and managing different versions of node and installing local versions into repos.',
46 silly install resolved     dependencies: { mkdirp: '~0.3.3' },
46 silly install resolved     devDependencies: {},
46 silly install resolved     bin: { nvm: './bin/nvm' },
46 silly install resolved     scripts: { test: 'echo "Error: no test specified" && exit 1' },
46 silly install resolved     repository: { type: 'git', url: 'git://github.com/brianloveswords/nvm.git' },
46 silly install resolved     keywords: [ 'local', 'node' ],
46 silly install resolved     author: { name: 'Brian J. Brennan', url: '@brianloveswords' },
46 silly install resolved     license: 'http://wtfpl.org/',
46 silly install resolved     bugs: { url: 'https://github.com/brianloveswords/nvm/issues' },
46 silly install resolved     homepage: 'https://github.com/brianloveswords/nvm',
46 silly install resolved     _id: 'nvm@0.0.3',
46 silly install resolved     dist:
46 silly install resolved      { shasum: '1f39d2dfd16bf661534a3f7145134f4bbbef6da4',
46 silly install resolved        tarball: 'https://registry.npmjs.org/nvm/-/nvm-0.0.3.tgz' },
46 silly install resolved     _from: 'nvm@latest',
46 silly install resolved     _npmVersion: '1.4.3',
46 silly install resolved     _npmUser: { name: 'brianloveswords', email: 'brianloveswords@gmail.com' },
46 silly install resolved     maintainers: [ [Object] ],
46 silly install resolved     deprecated: 'This is NOT the correct nvm. Visit http://nvm.sh and use the curl command to install it.',
46 silly install resolved     directories: {},
46 silly install resolved     _shasum: '1f39d2dfd16bf661534a3f7145134f4bbbef6da4',
46 silly install resolved     _resolved: 'https://registry.npmjs.org/nvm/-/nvm-0.0.3.tgz' } ]
47 info install nvm@0.0.3 into /usr/local/lib
48 info installOne nvm@0.0.3
49 verbose installOne of nvm to /usr/local/lib not in flight; installing
50 verbose lock using /Users/yew0491/.npm/_locks/nvm-68b9e48761174fe5.lock for /usr/local/lib/node_modules/nvm
51 silly install write writing nvm 0.0.3 to /usr/local/lib/node_modules/nvm
52 verbose unbuild lib/node_modules/nvm
53 silly gentlyRm /usr/local/lib/node_modules/nvm is being purged from base /usr/local
54 verbose gentlyRm don't care about contents; nuking /usr/local/lib/node_modules/nvm
55 verbose tar unpack /Users/yew0491/.npm/nvm/0.0.3/package.tgz
56 verbose tar unpacking to /usr/local/lib/node_modules/nvm
57 silly gentlyRm /usr/local/lib/node_modules/nvm is being purged
58 verbose gentlyRm don't care about contents; nuking /usr/local/lib/node_modules/nvm
59 silly gunzTarPerm modes [ '755', '644' ]
60 error tar.unpack untar error /Users/yew0491/.npm/nvm/0.0.3/package.tgz
61 verbose unlock done using /Users/yew0491/.npm/_locks/nvm-68b9e48761174fe5.lock for /usr/local/lib/node_modules/nvm
62 verbose fstream_path /usr/local/lib/node_modules/nvm
63 verbose fstream_type Directory
64 verbose fstream_class DirWriter
65 verbose stack Error: EACCES: permission denied, mkdir '/usr/local/lib/node_modules/nvm'
65 verbose stack     at Error (native)
66 verbose fstream_stack /usr/local/lib/node_modules/npm/node_modules/fstream/lib/dir-writer.js:35:25
66 verbose fstream_stack /usr/local/lib/node_modules/npm/node_modules/mkdirp/index.js:47:53
66 verbose fstream_stack FSReqWrap.oncomplete (fs.js:82:15)
67 verbose cwd /Users/yew0491/projects/lincolnsite
68 error Darwin 13.4.0
69 error argv "/usr/local/bin/node" "/usr/local/bin/npm" "install" "-g" "nvm"
70 error node v4.3.1
71 error npm  v2.14.12
72 error path /usr/local/lib/node_modules/nvm
73 error code EACCES
74 error errno -13
75 error syscall mkdir
76 error Error: EACCES: permission denied, mkdir '/usr/local/lib/node_modules/nvm'
76 error     at Error (native)
76 error  { [Error: EACCES: permission denied, mkdir '/usr/local/lib/node_modules/nvm']
76 error   errno: -13,
76 error   code: 'EACCES',
76 error   syscall: 'mkdir',
76 error   path: '/usr/local/lib/node_modules/nvm',
76 error   fstream_type: 'Directory',
76 error   fstream_path: '/usr/local/lib/node_modules/nvm',
76 error   fstream_class: 'DirWriter',
76 error   fstream_stack:
76 error    [ '/usr/local/lib/node_modules/npm/node_modules/fstream/lib/dir-writer.js:35:25',
76 error      '/usr/local/lib/node_modules/npm/node_modules/mkdirp/index.js:47:53',
76 error      'FSReqWrap.oncomplete (fs.js:82:15)' ] }
77 error Please try running this command again as root/Administrator.
78 verbose exit [ -13, true ]
79 verbose unbuild lib/node_modules/nvm
80 silly gentlyRm /usr/local/lib/node_modules/nvm is being purged from base /usr/local
81 verbose gentlyRm don't care about contents; nuking /usr/local/lib/node_modules/nvm
